<?xml version="1.0" encoding="UTF-8"?>
<!-- Generated by org.testng.reporters.JUnitXMLReporter -->
<testsuite ignored="5" hostname="Debu" failures="0" tests="4" name="Functional testcases" time="8.019" errors="0" timestamp="2025-08-25T08:36:33 IST">
  <testcase classname="TestNG.TestNgGroups" name="testcase1" time="0.0"/>
  <testcase classname="TestNG.TestNgGroups" name="testcase3" time="0.001"/>
  <testcase classname="TestNG.TestNgDependency" name="login" time="0.0"/>
  <testcase classname="TestNG.TestNgDependency" name="testCheckbox" time="7.953"/>
  <testcase classname="TestNG.TestNgDependency" name="radioButtons" time="0.0">
    <ignored/>
  </testcase> <!-- radioButtons -->
  <testcase classname="TestNG.TestNgGroups" name="testcase2" time="0.0">
    <ignored/>
  </testcase> <!-- testcase2 -->
  <testcase classname="TestNG.TestNgDependency" name="testAlerts" time="0.0">
    <ignored/>
  </testcase> <!-- testAlerts -->
  <testcase classname="TestNG.TestNgGroups" name="testcase4" time="0.0">
    <ignored/>
  </testcase> <!-- testcase4 -->
  <testcase classname="TestNG.TestNgDependency" name="testDragDrop" time="0.0">
    <ignored/>
  </testcase> <!-- testDragDrop -->
</testsuite> <!-- Functional testcases -->
