<?xml version="1.0" encoding="UTF-8"?>
<testng-results ignored="0" total="4" passed="4" failed="0" skipped="0">
  <reporter-output>
  </reporter-output>
  <suite started-at="2025-08-25T08:36:25 IST" name="functional" finished-at="2025-08-25T08:36:33 IST" duration-ms="8019">
    <groups>
      <group name="Sanity">
        <method signature="TestNgDependency.testCheckbox()[pri:0, instance:TestNG.TestNgDependency@8dbdac1]" name="testCheckbox" class="TestNG.TestNgDependency"/>
        <method signature="TestNgGroups.testcase1()[pri:0, instance:TestNG.TestNgGroups@4d9e68d0]" name="testcase1" class="TestNG.TestNgGroups"/>
        <method signature="TestNgGroups.testcase3()[pri:0, instance:TestNG.TestNgGroups@4d9e68d0]" name="testcase3" class="TestNG.TestNgGroups"/>
      </group> <!-- Sanity -->
      <group name="Regression">
        <method signature="TestNgDependency.testCheckbox()[pri:0, instance:TestNG.TestNgDependency@8dbdac1]" name="testCheckbox" class="TestNG.TestNgDependency"/>
        <method signature="TestNgGroups.testcase1()[pri:0, instance:TestNG.TestNgGroups@4d9e68d0]" name="testcase1" class="TestNG.TestNgGroups"/>
      </group> <!-- Regression -->
    </groups>
    <test started-at="2025-08-25T08:36:25 IST" name="Functional testcases" finished-at="2025-08-25T08:36:33 IST" duration-ms="8019">
      <class name="TestNG.TestNgDependency">
        <test-method signature="login()[pri:0, instance:TestNG.TestNgDependency@8dbdac1]" started-at="2025-08-25T08:36:26 IST" name="login" finished-at="2025-08-25T08:36:26 IST" duration-ms="0" status="PASS">
          <reporter-output>
          </reporter-output>
        </test-method> <!-- login -->
        <test-method signature="testCheckbox()[pri:0, instance:TestNG.TestNgDependency@8dbdac1]" started-at="2025-08-25T08:36:26 IST" name="testCheckbox" finished-at="2025-08-25T08:36:33 IST" depends-on-methods="TestNG.TestNgDependency.login" duration-ms="7953" status="PASS">
          <reporter-output>
          </reporter-output>
        </test-method> <!-- testCheckbox -->
      </class> <!-- TestNG.TestNgDependency -->
      <class name="TestNG.TestNgGroups">
        <test-method signature="testcase1()[pri:0, instance:TestNG.TestNgGroups@4d9e68d0]" started-at="2025-08-25T08:36:25 IST" name="testcase1" finished-at="2025-08-25T08:36:25 IST" duration-ms="0" status="PASS">
          <reporter-output>
          </reporter-output>
        </test-method> <!-- testcase1 -->
        <test-method signature="testcase3()[pri:0, instance:TestNG.TestNgGroups@4d9e68d0]" started-at="2025-08-25T08:36:26 IST" name="testcase3" finished-at="2025-08-25T08:36:26 IST" duration-ms="1" status="PASS">
          <reporter-output>
          </reporter-output>
        </test-method> <!-- testcase3 -->
      </class> <!-- TestNG.TestNgGroups -->
    </test> <!-- Functional testcases -->
  </suite> <!-- functional -->
</testng-results>
